sample.interval=20000
"as.data.frame.list" "format.data.frame" "as.matrix" "print.data.frame" "<Anonymous>" 
"structure" "object.size" "<Anonymous>" 
"structure" "object.size" "<Anonymous>" 
"structure" "object.size" "<Anonymous>" 
"structure" "object.size" "<Anonymous>" 
"structure" "object.size" "<Anonymous>" 
"structure" "object.size" "<Anonymous>" 
"structure" "object.size" "<Anonymous>" 
"structure" "object.size" "<Anonymous>" 
"structure" "object.size" "<Anonymous>" 
"structure" "object.size" "<Anonymous>" 
"structure" "object.size" "<Anonymous>" 
"structure" "object.size" "<Anonymous>" 
"structure" "object.size" "<Anonymous>" 
"structure" "object.size" "<Anonymous>" 
"structure" "object.size" "<Anonymous>" 
"getClassDef" "is" "doTryCatch" "tryCatchOne" "tryCatchList" "tryCatch" ".rs.valueDescription" "<Anonymous>" 
"capture.output" ".rs.getSignature" "<Anonymous>" 
"search" ".rs.objectsOnSearchPath" ".rs.getCompletionsSearchPath" "Reduce" "<Anonymous>" 
".rs.objectsOnSearchPath" ".rs.getCompletionsSearchPath" "Reduce" "<Anonymous>" 
"sub" ".rs.getHelpPackage" "<Anonymous>" 
"fsub" "htmlify" "utils:::getSrcByte" "isBlankLineRd" "addParaBreaks" "writeLines" "writeLinesUTF8" "of1" "writeBlock" "writeContent" "writeSection" "Rd2HTML" "tools:::httpd" "withCallingHandlers" "suppressWarnings" ".rs.getHelp" ".rs.getHelpPackage" "<Anonymous>" 
"gzfile" "readRDS" "index.search" "utils::help" "eval" "eval" "doTryCatch" "tryCatchOne" "tryCatchList" "tryCatch" ".rs.getHelp" ".rs.getHelpPackage" "<Anonymous>" 
"FUN" "lapply" ".rs.objectsOnSearchPath" ".rs.getCompletionsSearchPath" "Reduce" "<Anonymous>" 
"nchar" ".rs.startsWith" ".rs.fuzzyMatches" ".rs.getCompletionsSearchPath" "Reduce" "<Anonymous>" 
"findCenvVar" "getInlineInfo" "tryInline" "cmpCall" "cmp" "h" "tryInline" "cmpCall" "cmp" "h" "tryInline" "cmpCall" "cmp" "h" "tryInline" "cmpCall" "cmp" "h" "tryInline" "cmpCall" "cmp" "h" "tryInline" "cmpCall" "cmp" "genCode" "cmpfun" "doTryCatch" "tryCatchOne" "tryCatchList" "tryCatch" "compiler:::tryCmpfun" "<Anonymous>" 
"vapply" ".rs.packagesLoaded" ".rs.loadedPackageUpdates" "f" "doTryCatch" "tryCatchOne" "tryCatchList" "tryCatch" "withCallingHandlers" ".rs.callAs" "install.packages" 
"download.file" "doTryCatch" "tryCatchOne" "tryCatchList" "tryCatch" "available.packages" ".rs.loadedPackageUpdates" "f" "doTryCatch" "tryCatchOne" "tryCatchList" "tryCatch" "withCallingHandlers" ".rs.callAs" "install.packages" 
"download.file" "doTryCatch" "tryCatchOne" "tryCatchList" "tryCatch" "available.packages" ".rs.loadedPackageUpdates" "f" "doTryCatch" "tryCatchOne" "tryCatchList" "tryCatch" "withCallingHandlers" ".rs.callAs" "install.packages" 
"download.file" "doTryCatch" "tryCatchOne" "tryCatchList" "tryCatch" "available.packages" ".rs.loadedPackageUpdates" "f" "doTryCatch" "tryCatchOne" "tryCatchList" "tryCatch" "withCallingHandlers" ".rs.callAs" "install.packages" 
"readRDS" "doTryCatch" "tryCatchOne" "tryCatchList" "tryCatch" "available.packages" ".rs.loadedPackageUpdates" "f" "doTryCatch" "tryCatchOne" "tryCatchList" "tryCatch" "withCallingHandlers" ".rs.callAs" "install.packages" 
"readRDS" "doTryCatch" "tryCatchOne" "tryCatchList" "tryCatch" "available.packages" ".rs.loadedPackageUpdates" "f" "doTryCatch" "tryCatchOne" "tryCatchList" "tryCatch" "withCallingHandlers" ".rs.callAs" "install.packages" 
"readRDS" "doTryCatch" "tryCatchOne" "tryCatchList" "tryCatch" "available.packages" ".rs.loadedPackageUpdates" "f" "doTryCatch" "tryCatchOne" "tryCatchList" "tryCatch" "withCallingHandlers" ".rs.callAs" "install.packages" 
"readRDS" "doTryCatch" "tryCatchOne" "tryCatchList" "tryCatch" "available.packages" ".rs.loadedPackageUpdates" "f" "doTryCatch" "tryCatchOne" "tryCatchList" "tryCatch" "withCallingHandlers" ".rs.callAs" "install.packages" 
"readRDS" "doTryCatch" "tryCatchOne" "tryCatchList" "tryCatch" "available.packages" ".rs.loadedPackageUpdates" "f" "doTryCatch" "tryCatchOne" "tryCatchList" "tryCatch" "withCallingHandlers" ".rs.callAs" "install.packages" 
"readRDS" "doTryCatch" "tryCatchOne" "tryCatchList" "tryCatch" "available.packages" ".rs.loadedPackageUpdates" "f" "doTryCatch" "tryCatchOne" "tryCatchList" "tryCatch" "withCallingHandlers" ".rs.callAs" "install.packages" 
"readRDS" "doTryCatch" "tryCatchOne" "tryCatchList" "tryCatch" "available.packages" ".rs.loadedPackageUpdates" "f" "doTryCatch" "tryCatchOne" "tryCatchList" "tryCatch" "withCallingHandlers" ".rs.callAs" "install.packages" 
"readRDS" "doTryCatch" "tryCatchOne" "tryCatchList" "tryCatch" "available.packages" ".rs.loadedPackageUpdates" "f" "doTryCatch" "tryCatchOne" "tryCatchList" "tryCatch" "withCallingHandlers" ".rs.callAs" "install.packages" 
"readRDS" "doTryCatch" "tryCatchOne" "tryCatchList" "tryCatch" "available.packages" ".rs.loadedPackageUpdates" "f" "doTryCatch" "tryCatchOne" "tryCatchList" "tryCatch" "withCallingHandlers" ".rs.callAs" "install.packages" 
"readRDS" "doTryCatch" "tryCatchOne" "tryCatchList" "tryCatch" "available.packages" ".rs.loadedPackageUpdates" "f" "doTryCatch" "tryCatchOne" "tryCatchList" "tryCatch" "withCallingHandlers" ".rs.callAs" "install.packages" 
"readRDS" "doTryCatch" "tryCatchOne" "tryCatchList" "tryCatch" "available.packages" ".rs.loadedPackageUpdates" "f" "doTryCatch" "tryCatchOne" "tryCatchList" "tryCatch" "withCallingHandlers" ".rs.callAs" "install.packages" 
"cbind" "available.packages" ".rs.loadedPackageUpdates" "f" "doTryCatch" "tryCatchOne" "tryCatchList" "tryCatch" "withCallingHandlers" ".rs.callAs" "install.packages" 
"sub" "strsplit" "lapply" "f" "available.packages" ".rs.loadedPackageUpdates" "f" "doTryCatch" "tryCatchOne" "tryCatchList" "tryCatch" "withCallingHandlers" ".rs.callAs" "install.packages" 
"strsplit" "lapply" "f" "available.packages" ".rs.loadedPackageUpdates" "f" "doTryCatch" "tryCatchOne" "tryCatchList" "tryCatch" "withCallingHandlers" ".rs.callAs" "install.packages" 
"strsplit" "lapply" "f" "available.packages" ".rs.loadedPackageUpdates" "f" "doTryCatch" "tryCatchOne" "tryCatchList" "tryCatch" "withCallingHandlers" ".rs.callAs" "install.packages" 
"grepl" "FUN" "lapply" "f" "available.packages" ".rs.loadedPackageUpdates" "f" "doTryCatch" "tryCatchOne" "tryCatchList" "tryCatch" "withCallingHandlers" ".rs.callAs" "install.packages" 
"grepl" "FUN" "lapply" "f" "available.packages" ".rs.loadedPackageUpdates" "f" "doTryCatch" "tryCatchOne" "tryCatchList" "tryCatch" "withCallingHandlers" ".rs.callAs" "install.packages" 
"FUN" "lapply" "f" "available.packages" ".rs.loadedPackageUpdates" "f" "doTryCatch" "tryCatchOne" "tryCatchList" "tryCatch" "withCallingHandlers" ".rs.callAs" "install.packages" 
"grepl" "FUN" "lapply" "f" "available.packages" ".rs.loadedPackageUpdates" "f" "doTryCatch" "tryCatchOne" "tryCatchList" "tryCatch" "withCallingHandlers" ".rs.callAs" "install.packages" 
"grepl" "FUN" "lapply" "f" "available.packages" ".rs.loadedPackageUpdates" "f" "doTryCatch" "tryCatchOne" "tryCatchList" "tryCatch" "withCallingHandlers" ".rs.callAs" "install.packages" 
"lapply" "f" "available.packages" ".rs.loadedPackageUpdates" "f" "doTryCatch" "tryCatchOne" "tryCatchList" "tryCatch" "withCallingHandlers" ".rs.callAs" "install.packages" 
"FUN" "lapply" "f" "available.packages" ".rs.loadedPackageUpdates" "f" "doTryCatch" "tryCatchOne" "tryCatchList" "tryCatch" "withCallingHandlers" ".rs.callAs" "install.packages" 
"lapply" "f" "available.packages" ".rs.loadedPackageUpdates" "f" "doTryCatch" "tryCatchOne" "tryCatchList" "tryCatch" "withCallingHandlers" ".rs.callAs" "install.packages" 
"lapply" "f" "available.packages" ".rs.loadedPackageUpdates" "f" "doTryCatch" "tryCatchOne" "tryCatchList" "tryCatch" "withCallingHandlers" ".rs.callAs" "install.packages" 
"grepl" "FUN" "lapply" "f" "available.packages" ".rs.loadedPackageUpdates" "f" "doTryCatch" "tryCatchOne" "tryCatchList" "tryCatch" "withCallingHandlers" ".rs.callAs" "install.packages" 
"FUN" "lapply" "f" "available.packages" ".rs.loadedPackageUpdates" "f" "doTryCatch" "tryCatchOne" "tryCatchList" "tryCatch" "withCallingHandlers" ".rs.callAs" "install.packages" 
"unlist" "f" "available.packages" ".rs.loadedPackageUpdates" "f" "doTryCatch" "tryCatchOne" "tryCatchList" "tryCatch" "withCallingHandlers" ".rs.callAs" "install.packages" 
"sub" "split" "f" "available.packages" ".rs.loadedPackageUpdates" "f" "doTryCatch" "tryCatchOne" "tryCatchList" "tryCatch" "withCallingHandlers" ".rs.callAs" "install.packages" 
"strsplit" "lapply" ".make_numeric_version" "numeric_version" "as.numeric_version" "Ops.numeric_version" ">=" "do.call" "f" "available.packages" ".rs.loadedPackageUpdates" "f" "doTryCatch" "tryCatchOne" "tryCatchList" "tryCatch" "withCallingHandlers" ".rs.callAs" "install.packages" 
"FUN" "lapply" ".make_numeric_version" "numeric_version" "as.numeric_version" "Ops.numeric_version" ">=" "do.call" "f" "available.packages" ".rs.loadedPackageUpdates" "f" "doTryCatch" "tryCatchOne" "tryCatchList" "tryCatch" "withCallingHandlers" ".rs.callAs" "install.packages" 
"lapply" ".encode_numeric_version" "split" "Ops.numeric_version" ">=" "do.call" "f" "available.packages" ".rs.loadedPackageUpdates" "f" "doTryCatch" "tryCatchOne" "tryCatchList" "tryCatch" "withCallingHandlers" ".rs.callAs" "install.packages" 
"FUN" "lapply" ".encode_numeric_version" "split" "Ops.numeric_version" ">=" "do.call" "f" "available.packages" ".rs.loadedPackageUpdates" "f" "doTryCatch" "tryCatchOne" "tryCatchList" "tryCatch" "withCallingHandlers" ".rs.callAs" "install.packages" 
"unlist" ".encode_numeric_version" "split" "Ops.numeric_version" ">=" "do.call" "f" "available.packages" ".rs.loadedPackageUpdates" "f" "doTryCatch" "tryCatchOne" "tryCatchList" "tryCatch" "withCallingHandlers" ".rs.callAs" "install.packages" 
"paste" "FUN" "vapply" ".encode_numeric_version" "split" "Ops.numeric_version" ">=" "do.call" "f" "available.packages" ".rs.loadedPackageUpdates" "f" "doTryCatch" "tryCatchOne" "tryCatchList" "tryCatch" "withCallingHandlers" ".rs.callAs" "install.packages" 
"paste0" "strlpad" "paste" "FUN" "vapply" ".encode_numeric_version" "split" "Ops.numeric_version" ">=" "do.call" "f" "available.packages" ".rs.loadedPackageUpdates" "f" "doTryCatch" "tryCatchOne" "tryCatchList" "tryCatch" "withCallingHandlers" ".rs.callAs" "install.packages" 
"paste0" "strlpad" "paste" "FUN" "vapply" ".encode_numeric_version" "split" "Ops.numeric_version" ">=" "do.call" "f" "available.packages" ".rs.loadedPackageUpdates" "f" "doTryCatch" "tryCatchOne" "tryCatchList" "tryCatch" "withCallingHandlers" ".rs.callAs" "install.packages" 
"FUN" "vapply" ".encode_numeric_version" "split" "Ops.numeric_version" ">=" "do.call" "f" "available.packages" ".rs.loadedPackageUpdates" "f" "doTryCatch" "tryCatchOne" "tryCatchList" "tryCatch" "withCallingHandlers" ".rs.callAs" "install.packages" 
"strrep" "paste0" "strlpad" "paste" "FUN" "vapply" ".encode_numeric_version" "split" "Ops.numeric_version" ">=" "do.call" "f" "available.packages" ".rs.loadedPackageUpdates" "f" "doTryCatch" "tryCatchOne" "tryCatchList" "tryCatch" "withCallingHandlers" ".rs.callAs" "install.packages" 
"paste" "FUN" "vapply" ".encode_numeric_version" "split" "Ops.numeric_version" ">=" "do.call" "f" "available.packages" ".rs.loadedPackageUpdates" "f" "doTryCatch" "tryCatchOne" "tryCatchList" "tryCatch" "withCallingHandlers" ".rs.callAs" "install.packages" 
"paste" "FUN" "vapply" ".encode_numeric_version" "split" "Ops.numeric_version" ">=" "do.call" "f" "available.packages" ".rs.loadedPackageUpdates" "f" "doTryCatch" "tryCatchOne" "tryCatchList" "tryCatch" "withCallingHandlers" ".rs.callAs" "install.packages" 
"paste" "FUN" "vapply" ".encode_numeric_version" "split" "Ops.numeric_version" ">=" "do.call" "f" "available.packages" ".rs.loadedPackageUpdates" "f" "doTryCatch" "tryCatchOne" "tryCatchList" "tryCatch" "withCallingHandlers" ".rs.callAs" "install.packages" 
"paste" "FUN" "vapply" ".encode_numeric_version" "split" "Ops.numeric_version" ">=" "do.call" "f" "available.packages" ".rs.loadedPackageUpdates" "f" "doTryCatch" "tryCatchOne" "tryCatchList" "tryCatch" "withCallingHandlers" ".rs.callAs" "install.packages" 
"paste" "FUN" "vapply" ".encode_numeric_version" "split" "Ops.numeric_version" ">=" "do.call" "f" "available.packages" ".rs.loadedPackageUpdates" "f" "doTryCatch" "tryCatchOne" "tryCatchList" "tryCatch" "withCallingHandlers" ".rs.callAs" "install.packages" 
"paste0" "strlpad" "paste" "FUN" "vapply" ".encode_numeric_version" "split" "Ops.numeric_version" ">=" "do.call" "f" "available.packages" ".rs.loadedPackageUpdates" "f" "doTryCatch" "tryCatchOne" "tryCatchList" "tryCatch" "withCallingHandlers" ".rs.callAs" "install.packages" 
"f" "available.packages" ".rs.loadedPackageUpdates" "f" "doTryCatch" "tryCatchOne" "tryCatchList" "tryCatch" "withCallingHandlers" ".rs.callAs" "install.packages" 
"f" "available.packages" ".rs.loadedPackageUpdates" "f" "doTryCatch" "tryCatchOne" "tryCatchList" "tryCatch" "withCallingHandlers" ".rs.callAs" "install.packages" 
"gzfile" "readRDS" "doTryCatch" "tryCatchOne" "tryCatchList" "tryCatch" "try" ".readPkgDesc" "installed.packages" "utils:::getDependencies" "withCallingHandlers" "suppressWarnings" "withCallingHandlers" "suppressMessages" ".rs.loadedPackageUpdates" "f" "doTryCatch" "tryCatchOne" "tryCatchList" "tryCatch" "withCallingHandlers" ".rs.callAs" "install.packages" 
"readRDS" "doTryCatch" "tryCatchOne" "tryCatchList" "tryCatch" "try" ".readPkgDesc" "installed.packages" "utils:::getDependencies" "withCallingHandlers" "suppressWarnings" "withCallingHandlers" "suppressMessages" ".rs.loadedPackageUpdates" "f" "doTryCatch" "tryCatchOne" "tryCatchList" "tryCatch" "withCallingHandlers" ".rs.callAs" "install.packages" 
"close.connection" "close" "readRDS" "doTryCatch" "tryCatchOne" "tryCatchList" "tryCatch" "try" ".readPkgDesc" "installed.packages" "utils:::getDependencies" "withCallingHandlers" "suppressWarnings" "withCallingHandlers" "suppressMessages" ".rs.loadedPackageUpdates" "f" "doTryCatch" "tryCatchOne" "tryCatchList" "tryCatch" "withCallingHandlers" ".rs.callAs" "install.packages" 
"file.exists" ".readPkgDesc" "installed.packages" "utils:::getDependencies" "withCallingHandlers" "suppressWarnings" "withCallingHandlers" "suppressMessages" ".rs.loadedPackageUpdates" "f" "doTryCatch" "tryCatchOne" "tryCatchList" "tryCatch" "withCallingHandlers" ".rs.callAs" "install.packages" 
"close.connection" "close" "readRDS" "doTryCatch" "tryCatchOne" "tryCatchList" "tryCatch" "try" ".readPkgDesc" "installed.packages" "utils:::getDependencies" "withCallingHandlers" "suppressWarnings" "withCallingHandlers" "suppressMessages" ".rs.loadedPackageUpdates" "f" "doTryCatch" "tryCatchOne" "tryCatchList" "tryCatch" "withCallingHandlers" ".rs.callAs" "install.packages" 
"close.connection" "close" "readRDS" "doTryCatch" "tryCatchOne" "tryCatchList" "tryCatch" "try" ".readPkgDesc" "installed.packages" "utils:::getDependencies" "withCallingHandlers" "suppressWarnings" "withCallingHandlers" "suppressMessages" ".rs.loadedPackageUpdates" "f" "doTryCatch" "tryCatchOne" "tryCatchList" "tryCatch" "withCallingHandlers" ".rs.callAs" "install.packages" 
"file.exists" ".readPkgDesc" "installed.packages" "utils:::getDependencies" "withCallingHandlers" "suppressWarnings" "withCallingHandlers" "suppressMessages" ".rs.loadedPackageUpdates" "f" "doTryCatch" "tryCatchOne" "tryCatchList" "tryCatch" "withCallingHandlers" ".rs.callAs" "install.packages" 
"readRDS" "doTryCatch" "tryCatchOne" "tryCatchList" "tryCatch" "try" ".readPkgDesc" "installed.packages" "utils:::getDependencies" "withCallingHandlers" "suppressWarnings" "withCallingHandlers" "suppressMessages" ".rs.loadedPackageUpdates" "f" "doTryCatch" "tryCatchOne" "tryCatchList" "tryCatch" "withCallingHandlers" ".rs.callAs" "install.packages" 
"gzfile" "readRDS" "doTryCatch" "tryCatchOne" "tryCatchList" "tryCatch" "try" ".readPkgDesc" "installed.packages" "utils:::getDependencies" "withCallingHandlers" "suppressWarnings" "withCallingHandlers" "suppressMessages" ".rs.loadedPackageUpdates" "f" "doTryCatch" "tryCatchOne" "tryCatchList" "tryCatch" "withCallingHandlers" ".rs.callAs" "install.packages" 
"gzfile" "readRDS" "doTryCatch" "tryCatchOne" "tryCatchList" "tryCatch" "try" ".readPkgDesc" "installed.packages" "utils:::getDependencies" "withCallingHandlers" "suppressWarnings" "withCallingHandlers" "suppressMessages" ".rs.loadedPackageUpdates" "f" "doTryCatch" "tryCatchOne" "tryCatchList" "tryCatch" "withCallingHandlers" ".rs.callAs" "install.packages" 
"close.connection" "close" "readRDS" "doTryCatch" "tryCatchOne" "tryCatchList" "tryCatch" "try" ".readPkgDesc" "installed.packages" "utils:::getDependencies" "withCallingHandlers" "suppressWarnings" "withCallingHandlers" "suppressMessages" ".rs.loadedPackageUpdates" "f" "doTryCatch" "tryCatchOne" "tryCatchList" "tryCatch" "withCallingHandlers" ".rs.callAs" "install.packages" 
"gzfile" "readRDS" "doTryCatch" "tryCatchOne" "tryCatchList" "tryCatch" "try" ".readPkgDesc" "installed.packages" "utils:::getDependencies" "withCallingHandlers" "suppressWarnings" "withCallingHandlers" "suppressMessages" ".rs.loadedPackageUpdates" "f" "doTryCatch" "tryCatchOne" "tryCatchList" "tryCatch" "withCallingHandlers" ".rs.callAs" "install.packages" 
"close.connection" "close" "readRDS" "doTryCatch" "tryCatchOne" "tryCatchList" "tryCatch" "try" ".readPkgDesc" "installed.packages" "utils:::getDependencies" "withCallingHandlers" "suppressWarnings" "withCallingHandlers" "suppressMessages" ".rs.loadedPackageUpdates" "f" "doTryCatch" "tryCatchOne" "tryCatchList" "tryCatch" "withCallingHandlers" ".rs.callAs" "install.packages" 
"gzfile" "readRDS" "doTryCatch" "tryCatchOne" "tryCatchList" "tryCatch" "try" ".readPkgDesc" "installed.packages" "utils:::getDependencies" "withCallingHandlers" "suppressWarnings" "withCallingHandlers" "suppressMessages" ".rs.loadedPackageUpdates" "f" "doTryCatch" "tryCatchOne" "tryCatchList" "tryCatch" "withCallingHandlers" ".rs.callAs" "install.packages" 
"close.connection" "close" "readRDS" "doTryCatch" "tryCatchOne" "tryCatchList" "tryCatch" "try" ".readPkgDesc" "installed.packages" "utils:::getDependencies" "withCallingHandlers" "suppressWarnings" "withCallingHandlers" "suppressMessages" ".rs.loadedPackageUpdates" "f" "doTryCatch" "tryCatchOne" "tryCatchList" "tryCatch" "withCallingHandlers" ".rs.callAs" "install.packages" 
"file.exists" ".readPkgDesc" "installed.packages" "utils:::getDependencies" "withCallingHandlers" "suppressWarnings" "withCallingHandlers" "suppressMessages" ".rs.loadedPackageUpdates" "f" "doTryCatch" "tryCatchOne" "tryCatchList" "tryCatch" "withCallingHandlers" ".rs.callAs" "install.packages" 
"readRDS" "doTryCatch" "tryCatchOne" "tryCatchList" "tryCatch" "try" ".readPkgDesc" "installed.packages" "utils:::getDependencies" "withCallingHandlers" "suppressWarnings" "withCallingHandlers" "suppressMessages" ".rs.loadedPackageUpdates" "f" "doTryCatch" "tryCatchOne" "tryCatchList" "tryCatch" "withCallingHandlers" ".rs.callAs" "install.packages" 
".readPkgDesc" "installed.packages" "utils:::getDependencies" "withCallingHandlers" "suppressWarnings" "withCallingHandlers" "suppressMessages" ".rs.loadedPackageUpdates" "f" "doTryCatch" "tryCatchOne" "tryCatchList" "tryCatch" "withCallingHandlers" ".rs.callAs" "install.packages" 
"readRDS" "doTryCatch" "tryCatchOne" "tryCatchList" "tryCatch" "try" ".readPkgDesc" "installed.packages" "utils:::getDependencies" "withCallingHandlers" "suppressWarnings" "withCallingHandlers" "suppressMessages" ".rs.loadedPackageUpdates" "f" "doTryCatch" "tryCatchOne" "tryCatchList" "tryCatch" "withCallingHandlers" ".rs.callAs" "install.packages" 
"c" ".readPkgDesc" "installed.packages" "utils:::getDependencies" "withCallingHandlers" "suppressWarnings" "withCallingHandlers" "suppressMessages" ".rs.loadedPackageUpdates" "f" "doTryCatch" "tryCatchOne" "tryCatchList" "tryCatch" "withCallingHandlers" ".rs.callAs" "install.packages" 
"as.character" "as.character" ".readPkgDesc" "installed.packages" "utils:::getDependencies" "withCallingHandlers" "suppressWarnings" "withCallingHandlers" "suppressMessages" ".rs.loadedPackageUpdates" "f" "doTryCatch" "tryCatchOne" "tryCatchList" "tryCatch" "withCallingHandlers" ".rs.callAs" "install.packages" 
"close.connection" "close" "saveRDS" "installed.packages" "utils:::getDependencies" "withCallingHandlers" "suppressWarnings" "withCallingHandlers" "suppressMessages" ".rs.loadedPackageUpdates" "f" "doTryCatch" "tryCatchOne" "tryCatchList" "tryCatch" "withCallingHandlers" ".rs.callAs" "install.packages" 
"readRDS" "available.packages" "original" "f" "doTryCatch" "tryCatchOne" "tryCatchList" "tryCatch" "withCallingHandlers" ".rs.callAs" "install.packages" 
"readRDS" "available.packages" "original" "f" "doTryCatch" "tryCatchOne" "tryCatchList" "tryCatch" "withCallingHandlers" ".rs.callAs" "install.packages" 
"readRDS" "available.packages" "original" "f" "doTryCatch" "tryCatchOne" "tryCatchList" "tryCatch" "withCallingHandlers" ".rs.callAs" "install.packages" 
"readRDS" "available.packages" "original" "f" "doTryCatch" "tryCatchOne" "tryCatchList" "tryCatch" "withCallingHandlers" ".rs.callAs" "install.packages" 
"readRDS" "available.packages" "original" "f" "doTryCatch" "tryCatchOne" "tryCatchList" "tryCatch" "withCallingHandlers" ".rs.callAs" "install.packages" 
"readRDS" "available.packages" "original" "f" "doTryCatch" "tryCatchOne" "tryCatchList" "tryCatch" "withCallingHandlers" ".rs.callAs" "install.packages" 
"readRDS" "available.packages" "original" "f" "doTryCatch" "tryCatchOne" "tryCatchList" "tryCatch" "withCallingHandlers" ".rs.callAs" "install.packages" 
"readRDS" "available.packages" "original" "f" "doTryCatch" "tryCatchOne" "tryCatchList" "tryCatch" "withCallingHandlers" ".rs.callAs" "install.packages" 
"readRDS" "available.packages" "original" "f" "doTryCatch" "tryCatchOne" "tryCatchList" "tryCatch" "withCallingHandlers" ".rs.callAs" "install.packages" 
"readRDS" "available.packages" "original" "f" "doTryCatch" "tryCatchOne" "tryCatchList" "tryCatch" "withCallingHandlers" ".rs.callAs" "install.packages" 
"cbind" "available.packages" "original" "f" "doTryCatch" "tryCatchOne" "tryCatchList" "tryCatch" "withCallingHandlers" ".rs.callAs" "install.packages" 
"rbind" "available.packages" "original" "f" "doTryCatch" "tryCatchOne" "tryCatchList" "tryCatch" "withCallingHandlers" ".rs.callAs" "install.packages" 
"strsplit" "lapply" "f" "available.packages" "original" "f" "doTryCatch" "tryCatchOne" "tryCatchList" "tryCatch" "withCallingHandlers" ".rs.callAs" "install.packages" 
"strsplit" "lapply" "f" "available.packages" "original" "f" "doTryCatch" "tryCatchOne" "tryCatchList" "tryCatch" "withCallingHandlers" ".rs.callAs" "install.packages" 
"strsplit" "lapply" "f" "available.packages" "original" "f" "doTryCatch" "tryCatchOne" "tryCatchList" "tryCatch" "withCallingHandlers" ".rs.callAs" "install.packages" 
"strsplit" "lapply" "f" "available.packages" "original" "f" "doTryCatch" "tryCatchOne" "tryCatchList" "tryCatch" "withCallingHandlers" ".rs.callAs" "install.packages" 
"FUN" "lapply" "f" "available.packages" "original" "f" "doTryCatch" "tryCatchOne" "tryCatchList" "tryCatch" "withCallingHandlers" ".rs.callAs" "install.packages" 
"FUN" "lapply" "f" "available.packages" "original" "f" "doTryCatch" "tryCatchOne" "tryCatchList" "tryCatch" "withCallingHandlers" ".rs.callAs" "install.packages" 
"FUN" "lapply" "f" "available.packages" "original" "f" "doTryCatch" "tryCatchOne" "tryCatchList" "tryCatch" "withCallingHandlers" ".rs.callAs" "install.packages" 
"FUN" "lapply" "f" "available.packages" "original" "f" "doTryCatch" "tryCatchOne" "tryCatchList" "tryCatch" "withCallingHandlers" ".rs.callAs" "install.packages" 
"FUN" "lapply" "f" "available.packages" "original" "f" "doTryCatch" "tryCatchOne" "tryCatchList" "tryCatch" "withCallingHandlers" ".rs.callAs" "install.packages" 
"lapply" "f" "available.packages" "original" "f" "doTryCatch" "tryCatchOne" "tryCatchList" "tryCatch" "withCallingHandlers" ".rs.callAs" "install.packages" 
"grepl" "FUN" "lapply" "f" "available.packages" "original" "f" "doTryCatch" "tryCatchOne" "tryCatchList" "tryCatch" "withCallingHandlers" ".rs.callAs" "install.packages" 
"FUN" "lapply" "f" "available.packages" "original" "f" "doTryCatch" "tryCatchOne" "tryCatchList" "tryCatch" "withCallingHandlers" ".rs.callAs" "install.packages" 
"sub" "f" "available.packages" "original" "f" "doTryCatch" "tryCatchOne" "tryCatchList" "tryCatch" "withCallingHandlers" ".rs.callAs" "install.packages" 
"as.character" ".make_numeric_version" "numeric_version" "as.numeric_version" "Ops.numeric_version" ">=" "do.call" "f" "available.packages" "original" "f" "doTryCatch" "tryCatchOne" "tryCatchList" "tryCatch" "withCallingHandlers" ".rs.callAs" "install.packages" 
"as.character" ".make_numeric_version" "numeric_version" "as.numeric_version" "Ops.numeric_version" ">=" "do.call" "f" "available.packages" "original" "f" "doTryCatch" "tryCatchOne" "tryCatchList" "tryCatch" "withCallingHandlers" ".rs.callAs" "install.packages" 
"as.character" ".make_numeric_version" "numeric_version" "as.numeric_version" "Ops.numeric_version" ">=" "do.call" "f" "available.packages" "original" "f" "doTryCatch" "tryCatchOne" "tryCatchList" "tryCatch" "withCallingHandlers" ".rs.callAs" "install.packages" 
"as.character" ".make_numeric_version" "numeric_version" "as.numeric_version" "Ops.numeric_version" ">=" "do.call" "f" "available.packages" "original" "f" "doTryCatch" "tryCatchOne" "tryCatchList" "tryCatch" "withCallingHandlers" ".rs.callAs" "install.packages" 
"list" ".standard_regexps" "sprintf" ".make_numeric_version" "numeric_version" "as.numeric_version" "Ops.numeric_version" ">=" "do.call" "f" "available.packages" "original" "f" "doTryCatch" "tryCatchOne" "tryCatchList" "tryCatch" "withCallingHandlers" ".rs.callAs" "install.packages" 
"strsplit" "lapply" ".make_numeric_version" "numeric_version" "as.numeric_version" "Ops.numeric_version" ">=" "do.call" "f" "available.packages" "original" "f" "doTryCatch" "tryCatchOne" "tryCatchList" "tryCatch" "withCallingHandlers" ".rs.callAs" "install.packages" 
"lapply" ".make_numeric_version" "numeric_version" "as.numeric_version" "Ops.numeric_version" ">=" "do.call" "f" "available.packages" "original" "f" "doTryCatch" "tryCatchOne" "tryCatchList" "tryCatch" "withCallingHandlers" ".rs.callAs" "install.packages" 
"FUN" "lapply" ".encode_numeric_version" "split" "Ops.numeric_version" ">=" "do.call" "f" "available.packages" "original" "f" "doTryCatch" "tryCatchOne" "tryCatchList" "tryCatch" "withCallingHandlers" ".rs.callAs" "install.packages" 
"sprintf" "FUN" "lapply" ".encode_numeric_version" "split" "Ops.numeric_version" ">=" "do.call" "f" "available.packages" "original" "f" "doTryCatch" "tryCatchOne" "tryCatchList" "tryCatch" "withCallingHandlers" ".rs.callAs" "install.packages" 
"strrep" "paste0" "strlpad" "paste" "FUN" "vapply" ".encode_numeric_version" "split" "Ops.numeric_version" ">=" "do.call" "f" "available.packages" "original" "f" "doTryCatch" "tryCatchOne" "tryCatchList" "tryCatch" "withCallingHandlers" ".rs.callAs" "install.packages" 
"paste0" "strlpad" "paste" "FUN" "vapply" ".encode_numeric_version" "split" "Ops.numeric_version" ">=" "do.call" "f" "available.packages" "original" "f" "doTryCatch" "tryCatchOne" "tryCatchList" "tryCatch" "withCallingHandlers" ".rs.callAs" "install.packages" 
"strrep" "paste0" "strlpad" "paste" "FUN" "vapply" ".encode_numeric_version" "split" "Ops.numeric_version" ">=" "do.call" "f" "available.packages" "original" "f" "doTryCatch" "tryCatchOne" "tryCatchList" "tryCatch" "withCallingHandlers" ".rs.callAs" "install.packages" 
"paste0" "strlpad" "paste" "FUN" "vapply" ".encode_numeric_version" "split" "Ops.numeric_version" ">=" "do.call" "f" "available.packages" "original" "f" "doTryCatch" "tryCatchOne" "tryCatchList" "tryCatch" "withCallingHandlers" ".rs.callAs" "install.packages" 
"ifelse" "structure" ".encode_numeric_version" "split" "Ops.numeric_version" ">=" "do.call" "f" "available.packages" "original" "f" "doTryCatch" "tryCatchOne" "tryCatchList" "tryCatch" "withCallingHandlers" ".rs.callAs" "install.packages" 
"f" "available.packages" "original" "f" "doTryCatch" "tryCatchOne" "tryCatchList" "tryCatch" "withCallingHandlers" ".rs.callAs" "install.packages" 
"download.file" "doTryCatch" "tryCatchOne" "tryCatchList" "tryCatch" "try" "download.packages" "original" "f" "doTryCatch" "tryCatchOne" "tryCatchList" "tryCatch" "withCallingHandlers" ".rs.callAs" "install.packages" 
"download.file" "doTryCatch" "tryCatchOne" "tryCatchList" "tryCatch" "try" "download.packages" "original" "f" "doTryCatch" "tryCatchOne" "tryCatchList" "tryCatch" "withCallingHandlers" ".rs.callAs" "install.packages" 
"system2" "original" "f" "doTryCatch" "tryCatchOne" "tryCatchList" "tryCatch" "withCallingHandlers" ".rs.callAs" "install.packages" 
"system2" "original" "f" "doTryCatch" "tryCatchOne" "tryCatchList" "tryCatch" "withCallingHandlers" ".rs.callAs" "install.packages" 
"system2" "original" "f" "doTryCatch" "tryCatchOne" "tryCatchList" "tryCatch" "withCallingHandlers" ".rs.callAs" "install.packages" 
"file.append" "make.packages.html" "original" "f" "doTryCatch" "tryCatchOne" "tryCatchList" "tryCatch" "withCallingHandlers" ".rs.callAs" "install.packages" 
"gzfile" "readRDS" "packageDescription" "make.packages.html" "original" "f" "doTryCatch" "tryCatchOne" "tryCatchList" "tryCatch" "withCallingHandlers" ".rs.callAs" "install.packages" 
"file.access" "packageDescription" "make.packages.html" "original" "f" "doTryCatch" "tryCatchOne" "tryCatchList" "tryCatch" "withCallingHandlers" ".rs.callAs" "install.packages" 
"readRDS" "packageDescription" "make.packages.html" "original" "f" "doTryCatch" "tryCatchOne" "tryCatchList" "tryCatch" "withCallingHandlers" ".rs.callAs" "install.packages" 
"readRDS" "packageDescription" "make.packages.html" "original" "f" "doTryCatch" "tryCatchOne" "tryCatchList" "tryCatch" "withCallingHandlers" ".rs.callAs" "install.packages" 
"close" "readRDS" "packageDescription" "make.packages.html" "original" "f" "doTryCatch" "tryCatchOne" "tryCatchList" "tryCatch" "withCallingHandlers" ".rs.callAs" "install.packages" 
"close" "readRDS" "packageDescription" "make.packages.html" "original" "f" "doTryCatch" "tryCatchOne" "tryCatchList" "tryCatch" "withCallingHandlers" ".rs.callAs" "install.packages" 
"gzfile" "readRDS" "packageDescription" "make.packages.html" "original" "f" "doTryCatch" "tryCatchOne" "tryCatchList" "tryCatch" "withCallingHandlers" ".rs.callAs" "install.packages" 
"gzfile" "readRDS" "packageDescription" "make.packages.html" "original" "f" "doTryCatch" "tryCatchOne" "tryCatchList" "tryCatch" "withCallingHandlers" ".rs.callAs" "install.packages" 
"cat" "make.packages.html" "original" "f" "doTryCatch" "tryCatchOne" "tryCatchList" "tryCatch" "withCallingHandlers" ".rs.callAs" "install.packages" 
"gzfile" "readRDS" "packageDescription" "make.packages.html" "original" "f" "doTryCatch" "tryCatchOne" "tryCatchList" "tryCatch" "withCallingHandlers" ".rs.callAs" "install.packages" 
"checkConst" "constantFold" "cmp" "h" "tryInline" "cmpCall" "cmp" "h" "tryInline" "cmpCall" "cmp" "genCode" "h" "tryInline" "cmpCall" "cmp" "cmpSymbolAssign" "h" "tryInline" "cmpCall" "cmp" "h" "tryInline" "cmpCall" "cmp" "genCode" "cmpfun" "doTryCatch" "tryCatchOne" "tryCatchList" "tryCatch" "compiler:::tryCmpfun" ".rs.updatePackageEvents" "f" "doTryCatch" "tryCatchOne" "tryCatchList" "tryCatch" "withCallingHandlers" ".rs.callAs" "install.packages" 
"base::list.dirs" ".rs.updatePackageEvents" "f" "doTryCatch" "tryCatchOne" "tryCatchList" "tryCatch" "withCallingHandlers" ".rs.callAs" "install.packages" 
"readRDS" "library" "withCallingHandlers" "suppressWarnings" "<Anonymous>" ".Call" "f" "doTryCatch" "tryCatchOne" "tryCatchList" "tryCatch" "withCallingHandlers" ".rs.callAs" "install.packages" 
"gzfile" "readRDS" "FUN" "lapply" "find.package" "system.file" "library" "withCallingHandlers" "suppressWarnings" "<Anonymous>" ".Call" "f" "doTryCatch" "tryCatchOne" "tryCatchList" "tryCatch" "withCallingHandlers" ".rs.callAs" "install.packages" 
"gzfile" "readRDS" "FUN" "lapply" "find.package" "system.file" "library" "withCallingHandlers" "suppressWarnings" "<Anonymous>" ".Call" "f" "doTryCatch" "tryCatchOne" "tryCatchList" "tryCatch" "withCallingHandlers" ".rs.callAs" "install.packages" 
"gzfile" "readRDS" "FUN" "lapply" "find.package" "system.file" "library" "withCallingHandlers" "suppressWarnings" "<Anonymous>" ".Call" "f" "doTryCatch" "tryCatchOne" "tryCatchList" "tryCatch" "withCallingHandlers" ".rs.callAs" "install.packages" 
"close.connection" "close" "readRDS" "library" "withCallingHandlers" "suppressWarnings" "<Anonymous>" ".Call" "f" "doTryCatch" "tryCatchOne" "tryCatchList" "tryCatch" "withCallingHandlers" ".rs.callAs" "install.packages" 
"gzfile" "readRDS" "library" "withCallingHandlers" "suppressWarnings" "<Anonymous>" ".Call" "f" "doTryCatch" "tryCatchOne" "tryCatchList" "tryCatch" "withCallingHandlers" ".rs.callAs" "install.packages" 
"gzfile" "readRDS" "library" "withCallingHandlers" "suppressWarnings" "<Anonymous>" ".Call" "f" "doTryCatch" "tryCatchOne" "tryCatchList" "tryCatch" "withCallingHandlers" ".rs.callAs" "install.packages" 
"find.package" "system.file" "library" "withCallingHandlers" "suppressWarnings" "<Anonymous>" ".Call" "f" "doTryCatch" "tryCatchOne" "tryCatchList" "tryCatch" "withCallingHandlers" ".rs.callAs" "install.packages" 
"gzfile" "readRDS" "FUN" "lapply" "find.package" "system.file" "library" "withCallingHandlers" "suppressWarnings" "<Anonymous>" ".Call" "f" "doTryCatch" "tryCatchOne" "tryCatchList" "tryCatch" "withCallingHandlers" ".rs.callAs" "install.packages" 
"grepl" "find.package" "system.file" "library" "withCallingHandlers" "suppressWarnings" "<Anonymous>" ".Call" "f" "doTryCatch" "tryCatchOne" "tryCatchList" "tryCatch" "withCallingHandlers" ".rs.callAs" "install.packages" 
"unique.default" "unique" "find.package" "system.file" "library" "withCallingHandlers" "suppressWarnings" "<Anonymous>" ".Call" "f" "doTryCatch" "tryCatchOne" "tryCatchList" "tryCatch" "withCallingHandlers" ".rs.callAs" "install.packages" 
"prod" "apply" "find.package" "system.file" "library" "withCallingHandlers" "suppressWarnings" "<Anonymous>" ".Call" "f" "doTryCatch" "tryCatchOne" "tryCatchList" "tryCatch" "withCallingHandlers" ".rs.callAs" "install.packages" 
"rbind" "library" "withCallingHandlers" "suppressWarnings" "<Anonymous>" ".Call" "f" "doTryCatch" "tryCatchOne" "tryCatchList" "tryCatch" "withCallingHandlers" ".rs.callAs" "install.packages" 
"rbind" "library" "withCallingHandlers" "suppressWarnings" "<Anonymous>" ".Call" "f" "doTryCatch" "tryCatchOne" "tryCatchList" "tryCatch" "withCallingHandlers" ".rs.callAs" "install.packages" 
"rbind" "library" "withCallingHandlers" "suppressWarnings" "<Anonymous>" ".Call" "f" "doTryCatch" "tryCatchOne" "tryCatchList" "tryCatch" "withCallingHandlers" ".rs.callAs" "install.packages" 
"rbind" "library" "withCallingHandlers" "suppressWarnings" "<Anonymous>" ".Call" "f" "doTryCatch" "tryCatchOne" "tryCatchList" "tryCatch" "withCallingHandlers" ".rs.callAs" "install.packages" 
"rbind" "library" "withCallingHandlers" "suppressWarnings" "<Anonymous>" ".Call" "f" "doTryCatch" "tryCatchOne" "tryCatchList" "tryCatch" "withCallingHandlers" ".rs.callAs" "install.packages" 
"rbind" "library" "withCallingHandlers" "suppressWarnings" "<Anonymous>" ".Call" "f" "doTryCatch" "tryCatchOne" "tryCatchList" "tryCatch" "withCallingHandlers" ".rs.callAs" "install.packages" 
"rbind" "library" "withCallingHandlers" "suppressWarnings" "<Anonymous>" ".Call" "f" "doTryCatch" "tryCatchOne" "tryCatchList" "tryCatch" "withCallingHandlers" ".rs.callAs" "install.packages" 
"rbind" "library" "withCallingHandlers" "suppressWarnings" "<Anonymous>" ".Call" "f" "doTryCatch" "tryCatchOne" "tryCatchList" "tryCatch" "withCallingHandlers" ".rs.callAs" "install.packages" 
"gzfile" "readRDS" "FUN" "lapply" "find.package" "system.file" "library" "withCallingHandlers" "suppressWarnings" "<Anonymous>" ".Call" "f" "doTryCatch" "tryCatchOne" "tryCatchList" "tryCatch" "withCallingHandlers" ".rs.callAs" "install.packages" 
"readRDS" "library" "withCallingHandlers" "suppressWarnings" "<Anonymous>" ".Call" "f" "doTryCatch" "tryCatchOne" "tryCatchList" "tryCatch" "withCallingHandlers" ".rs.callAs" "install.packages" 
"gzfile" "readRDS" "library" "withCallingHandlers" "suppressWarnings" "<Anonymous>" ".Call" "f" "doTryCatch" "tryCatchOne" "tryCatchList" "tryCatch" "withCallingHandlers" ".rs.callAs" "install.packages" 
"gzfile" "readRDS" "library" "withCallingHandlers" "suppressWarnings" "<Anonymous>" ".Call" "f" "doTryCatch" "tryCatchOne" "tryCatchList" "tryCatch" "withCallingHandlers" ".rs.callAs" "install.packages" 
"normalizePath" "match" "<Anonymous>" ".Call" "f" "doTryCatch" "tryCatchOne" "tryCatchList" "tryCatch" "withCallingHandlers" ".rs.callAs" "install.packages" 
"file.access" ".readPkgDesc" "installed.packages" "as.data.frame" "<Anonymous>" ".Call" "f" "doTryCatch" "tryCatchOne" "tryCatchList" "tryCatch" "withCallingHandlers" ".rs.callAs" "install.packages" 
"close.connection" "close" "readRDS" "doTryCatch" "tryCatchOne" "tryCatchList" "tryCatch" "try" ".readPkgDesc" "installed.packages" "as.data.frame" "<Anonymous>" ".Call" "f" "doTryCatch" "tryCatchOne" "tryCatchList" "tryCatch" "withCallingHandlers" ".rs.callAs" "install.packages" 
"file.access" ".readPkgDesc" "installed.packages" "as.data.frame" "<Anonymous>" ".Call" "f" "doTryCatch" "tryCatchOne" "tryCatchList" "tryCatch" "withCallingHandlers" ".rs.callAs" "install.packages" 
"tryCatchList" "tryCatch" "try" ".readPkgDesc" "installed.packages" "as.data.frame" "<Anonymous>" ".Call" "f" "doTryCatch" "tryCatchOne" "tryCatchList" "tryCatch" "withCallingHandlers" ".rs.callAs" "install.packages" 
"readRDS" "doTryCatch" "tryCatchOne" "tryCatchList" "tryCatch" "try" ".readPkgDesc" "installed.packages" "as.data.frame" "<Anonymous>" ".Call" "f" "doTryCatch" "tryCatchOne" "tryCatchList" "tryCatch" "withCallingHandlers" ".rs.callAs" "install.packages" 
"[[" "[.data.frame" "[" "subset.data.frame" "subset" ".rs.packageVersion" "FUN" "lapply" "sapply" "<Anonymous>" ".Call" "f" "doTryCatch" "tryCatchOne" "tryCatchList" "tryCatch" "withCallingHandlers" ".rs.callAs" "install.packages" 
"==" "eval" "eval" "subset.data.frame" "subset" ".rs.packageVersion" "FUN" "lapply" "sapply" "<Anonymous>" ".Call" "f" "doTryCatch" "tryCatchOne" "tryCatchList" "tryCatch" "withCallingHandlers" ".rs.callAs" "install.packages" 
"vapply" "order" "[.data.frame" "[" "<Anonymous>" ".Call" "f" "doTryCatch" "tryCatchOne" "tryCatchList" "tryCatch" "withCallingHandlers" ".rs.callAs" "install.packages" 
"gzfile" "readRDS" "FUN" "lapply" "find.package" "system.file" "FUN" "vapply" ".rs.isPackageInstalled" "<Anonymous>" 
"make.functionContext" "h" "tryInline" "cmpCall" "cmp" "genCode" "cb$putconst" "cmpCallArgs" "cmpCallSymFun" "cmpCall" "cmp" "cmpSymbolAssign" "h" "tryInline" "cmpCall" "cmp" "h" "tryInline" "cmpCall" "cmp" "genCode" "cmpfun" "doTryCatch" "tryCatchOne" "tryCatchList" "tryCatch" "compiler:::tryCmpfun" "<Anonymous>" 
"find.package" "system.file" "library" "withCallingHandlers" "suppressWarnings" "<Anonymous>" 
"library" "withCallingHandlers" "suppressWarnings" "<Anonymous>" 
"close" "readRDS" "library" "withCallingHandlers" "suppressWarnings" "<Anonymous>" 
"file.exists" "find.package" "system.file" "library" "withCallingHandlers" "suppressWarnings" "<Anonymous>" 
"close.connection" "close" "readRDS" "FUN" "lapply" "find.package" "system.file" "library" "withCallingHandlers" "suppressWarnings" "<Anonymous>" 
"apply" "find.package" "system.file" "library" "withCallingHandlers" "suppressWarnings" "<Anonymous>" 
"FUN" "lapply" "find.package" "system.file" "library" "withCallingHandlers" "suppressWarnings" "<Anonymous>" 
"readRDS" "FUN" "lapply" "find.package" "system.file" "library" "withCallingHandlers" "suppressWarnings" "<Anonymous>" 
"grepl" "find.package" "system.file" "library" "withCallingHandlers" "suppressWarnings" "<Anonymous>" 
"readRDS" "FUN" "lapply" "find.package" "system.file" "library" "withCallingHandlers" "suppressWarnings" "<Anonymous>" 
"find.package" "system.file" "library" "withCallingHandlers" "suppressWarnings" "<Anonymous>" 
"gzfile" "readRDS" "FUN" "lapply" "find.package" "system.file" "library" "withCallingHandlers" "suppressWarnings" "<Anonymous>" 
"<Anonymous>" "[[.data.frame" "[[" "[.data.frame" "[" "subset.data.frame" "subset" ".rs.packageVersion" "FUN" "lapply" "sapply" "<Anonymous>" 
"%in%" "[[.data.frame" "[[" "[.data.frame" "[" "subset.data.frame" "subset" ".rs.packageVersion" "FUN" "lapply" "sapply" "<Anonymous>" 
"&" "eval" "eval" "subset.data.frame" "subset" ".rs.packageVersion" "FUN" "lapply" "sapply" "<Anonymous>" 
"tryCatch" ".rs.valueDescription" "<Anonymous>" 
"readRDS" "FUN" "lapply" "find.package" "system.file" "FUN" "vapply" ".rs.isPackageInstalled" "<Anonymous>" 
"numeric_version" "as.numeric_version" "Ops.numeric_version" ">=" "<Anonymous>" 
"putconst" "cb$putcode" "cmpCallSymFun" "cmpCall" "cmp" "cmpPrim2" "h" "tryInline" "cmpCall" "cmp" "genCode" "cb$putconst" "cmpCallArgs" "cmpCallSymFun" "cmpCall" "cmp" "cmpBuiltinArgs" "h" "tryInline" "cmpCall" "cmp" "cmpSymbolAssign" "h" "tryInline" "cmpCall" "cmp" "h" "tryInline" "cmpCall" "cmp" "genCode" "h" "tryInline" "cmpCall" "cmp" "genCode" "cb$putconst" "cmpCallArgs" "cmpCallSymFun" "cmpCall" "cmp" "h" "tryInline" "cmpCall" "cmp" "h" "tryInline" "cmpCall" "cmp" "h" "tryInline" "cmpCall" "cmp" "genCode" "cmpfun" "doTryCatch" "tryCatchOne" "tryCatchList" "tryCatch" "compiler:::tryCmpfun" ".rs.profileResources" "doTryCatch" "tryCatchOne" "tryCatchList" "tryCatch" "<Anonymous>" 
